<?xml version="1.0" encoding="UTF-8"?>
<!-- Generated by org.testng.reporters.JUnitReportReporter -->
<testsuite skipped="0" hostname="PC" name="TestNG.Sample2" tests="2" failures="0" timestamp="2 Dec 2020 13:45:59 GMT" time="0.068" errors="0">
  <testcase name="TC3" time="0.063" classname="TestNG.Sample2"/>
  <testcase name="TC4" time="0.005" classname="TestNG.Sample2"/>
</testsuite> <!-- TestNG.Sample2 -->
