<?xml version="1.0" encoding="UTF-8"?>
<!-- Generated by org.testng.reporters.JUnitReportReporter -->
<testsuite skipped="0" hostname="PC" name="TestNG.Sample" tests="1" failures="0" timestamp="30 Nov 2020 12:15:03 GMT" time="0.403" errors="0">
  <testcase name="Tc1" time="0.403" classname="TestNG.Sample"/>
</testsuite> <!-- TestNG.Sample -->
