<?xml version="1.0" encoding="UTF-8"?>
<!-- Generated by org.testng.reporters.JUnitReportReporter -->
<testsuite skipped="0" hostname="PC" name="TestNG.Sample1" tests="2" failures="0" timestamp="2 Dec 2020 13:45:59 GMT" time="0.030" errors="0">
  <testcase name="TC2" time="0.005" classname="TestNG.Sample1"/>
  <testcase name="TC1" time="0.025" classname="TestNG.Sample1"/>
</testsuite> <!-- TestNG.Sample1 -->
