<?xml version="1.0" encoding="UTF-8"?>
<!-- Generated by org.testng.reporters.JUnitReportReporter -->
<testsuite skipped="0" hostname="PC" name="TestNG.DisableTCExecutionFromSuite" tests="2" failures="0" timestamp="8 Dec 2020 07:13:09 GMT" time="0.144" errors="0">
  <testcase name="TC2" time="0.011" classname="TestNG.DisableTCExecutionFromSuite"/>
  <testcase name="TC" time="0.133" classname="TestNG.DisableTCExecutionFromSuite"/>
</testsuite> <!-- TestNG.DisableTCExecutionFromSuite -->
