<?xml version="1.0" encoding="UTF-8"?>
<!-- Generated by org.testng.reporters.JUnitReportReporter -->
<testsuite skipped="0" hostname="PC" name="TestNG.Sample4" tests="1" failures="0" timestamp="8 Dec 2020 06:50:20 GMT" time="0.010" errors="0">
  <testcase name="TC5" time="0.010" classname="TestNG.Sample4"/>
</testsuite> <!-- TestNG.Sample4 -->
