<?xml version="1.0" encoding="UTF-8"?>
<!-- Generated by org.testng.reporters.JUnitReportReporter -->
<testsuite skipped="0" hostname="PC" name="TestNG.Verification" tests="1" failures="0" timestamp="4 Dec 2020 06:28:50 GMT" time="0.073" errors="0">
  <testcase name="TC" time="0.073" classname="TestNG.Verification"/>
</testsuite> <!-- TestNG.Verification -->
