<?xml version="1.0" encoding="UTF-8"?>
<!-- Generated by org.testng.reporters.JUnitReportReporter -->
<testsuite skipped="0" hostname="PC" name="TestNG.Sample3" tests="3" failures="0" timestamp="8 Dec 2020 07:05:06 GMT" time="0.111" errors="0">
  <testcase name="TC1" time="0.004" classname="TestNG.Sample3"/>
  <testcase name="TC" time="0.104" classname="TestNG.Sample3"/>
  <testcase name="TC2" time="0.003" classname="TestNG.Sample3"/>
</testsuite> <!-- TestNG.Sample3 -->
